<?xml version="1.0" encoding="UTF-8"?>
<!-- Generated by org.testng.reporters.JUnitReportReporter -->
<testsuite skipped="0" hostname="WKWIN4531585" name="cucumber.Options.TestRunnerTest" tests="1" failures="0" timestamp="15 Sep 2020 10:56:39 GMT" time="0.013" errors="0">
  <testcase name="f" time="0.013" classname="cucumber.Options.TestRunnerTest"/>
</testsuite> <!-- cucumber.Options.TestRunnerTest -->
